<?xml version="1.0" encoding="utf-8"?><testsuites name="pytest tests"><testsuite name="pytest" errors="0" failures="0" skipped="0" tests="12" time="4.994" timestamp="2026-09-03T04:28:34.222468+00:00" hostname="agent-env-dc3e5236-8c87-4cbb-bd3e-1a5ecf9e798a"><testcase classname="tests.test_iteration3.TestLabelTemplate" name="test_put_get_roundtrip" time="1.007" /><testcase classname="tests.test_iteration3.TestApprovalRules" name="test_reset_default_and_clear_rules" time="1.344" /><testcase classname="tests.test_iteration3.TestLabelTemplate" name="test_worker_cannot_put_template" time="0.665" /><testcase classname="tests.test_iteration3.TestApprovalRules" name="test_worker_cannot_post_rule" time="0.470" /><testcase classname="tests.test_iteration3.TestLabelTemplate" name="test_label_pdf_with_price_and_expiry" time="0.250" /><testcase classname="tests.test_iteration3.TestApprovalRules" name="test_create_rule_pune_electronics" time="0.348" /><testcase classname="tests.test_iteration3.TestRealtime" name="test_webhook_upsert_and_bad_token" time="0.657" /><testcase classname="tests.test_iteration3.TestApprovalRules" name="test_resolve_threshold_auto_apply_electronics" time="0.819" /><testcase classname="tests.test_iteration3.TestRealtime" name="test_cron_endpoint_auth" time="0.306" /><testcase classname="tests.test_iteration3.TestMultiTenantIter3" name="test_isolation_template_and_rules" time="0.850" /><testcase classname="tests.test_iteration3.TestApprovalRules" name="test_resolve_threshold_non_electronics_requires_approval" time="0.743" /><testcase classname="tests.test_iteration3.TestApprovalRules" name="test_delete_rule" time="0.634" /></testsuite></testsuites>