<?xml version="1.0" encoding="utf-8"?><testsuites name="pytest tests"><testsuite name="pytest" errors="0" failures="1" skipped="0" tests="16" time="13.706" timestamp="2026-09-03T04:18:04.822140+00:00" hostname="agent-env-dc3e5236-8c87-4cbb-bd3e-1a5ecf9e798a"><testcase classname="tests.backend_test.TestConnectors" name="test_create_rest_connector" time="0.756" /><testcase classname="tests.backend_test.TestConnectors" name="test_list_connectors_contains" time="0.358" /><testcase classname="tests.backend_test.TestApprovals" name="test_small_delta_applies_directly" time="1.474" /><testcase classname="tests.backend_test.TestConnectors" name="test_test_connector" time="0.247" /><testcase classname="tests.backend_test.TestApprovals" name="test_large_delta_requires_approval" time="0.507" /><testcase classname="tests.backend_test.TestConnectors" name="test_worker_cannot_create_connector" time="0.564" /><testcase classname="tests.backend_test.TestConnectors" name="test_multi_tenant_isolation" time="0.459" /><testcase classname="tests.backend_test.TestApprovals" name="test_list_pending_approvals" time="0.300" /><testcase classname="tests.backend_test.TestApprovals" name="test_approve_mutates_inventory" time="0.383" /><testcase classname="tests.backend_test.TestConnectors" name="test_delete_connector" time="0.351" /><testcase classname="tests.backend_test.TestApprovals" name="test_reject_flow" time="0.930" /><testcase classname="tests.backend_test.TestConnectors" name="test_manager_cannot_create_connector" time="0.343"><failure message="assert 500 == 200&#10; +  where 500 = &lt;Response [500]&gt;.status_code">backend/tests/backend_test.py:149: in test_manager_cannot_create_connector
    assert rc.status_code == 200
E   assert 500 == 200
E    +  where 500 = &lt;Response [500]&gt;.status_code</failure></testcase><testcase classname="tests.backend_test.TestVoice" name="test_transcribe_silent_wav" time="10.082" /><testcase classname="tests.backend_test.TestLabels" name="test_barcode_label_pdf" time="0.403" /><testcase classname="tests.backend_test.TestLabels" name="test_qr_label_pdf" time="0.260" /><testcase classname="tests.backend_test.TestLabels" name="test_label_unauthorized" time="0.223" /></testsuite></testsuites>